Determining if the pthread_create exist failed with the following output:
Change Dir: /home/wxf/catkin_ws/src/slam_april_laser_odom/build/CMakeFiles/CMakeTmp

Run Build Command:/usr/bin/make "cmTryCompileExec2355962517/fast"
/usr/bin/make -f CMakeFiles/cmTryCompileExec2355962517.dir/build.make CMakeFiles/cmTryCompileExec2355962517.dir/build
make[1]: 正在进入目录 `/home/wxf/catkin_ws/src/slam_april_laser_odom/build/CMakeFiles/CMakeTmp'
/usr/bin/cmake -E cmake_progress_report /home/wxf/catkin_ws/src/slam_april_laser_odom/build/CMakeFiles/CMakeTmp/CMakeFiles 1
Building C object CMakeFiles/cmTryCompileExec2355962517.dir/CheckSymbolExists.c.o
/usr/bin/cc    -o CMakeFiles/cmTryCompileExec2355962517.dir/CheckSymbolExists.c.o   -c /home/wxf/catkin_ws/src/slam_april_laser_odom/build/CMakeFiles/CMakeTmp/CheckSymbolExists.c
Linking C executable cmTryCompileExec2355962517
/usr/bin/cmake -E cmake_link_script CMakeFiles/cmTryCompileExec2355962517.dir/link.txt --verbose=1
/usr/bin/cc       CMakeFiles/cmTryCompileExec2355962517.dir/CheckSymbolExists.c.o  -o cmTryCompileExec2355962517 -rdynamic 
CMakeFiles/cmTryCompileExec2355962517.dir/CheckSymbolExists.c.o：在函数‘main’中：
CheckSymbolExists.c:(.text+0x16)：对‘pthread_create’未定义的引用
collect2: error: ld returned 1 exit status
make[1]: *** [cmTryCompileExec2355962517] 错误 1
make[1]:正在离开目录 `/home/wxf/catkin_ws/src/slam_april_laser_odom/build/CMakeFiles/CMakeTmp'
make: *** [cmTryCompileExec2355962517/fast] 错误 2

File /home/wxf/catkin_ws/src/slam_april_laser_odom/build/CMakeFiles/CMakeTmp/CheckSymbolExists.c:
/* */
#include <pthread.h>

int main(int argc, char** argv)
{
  (void)argv;
#ifndef pthread_create
  return ((int*)(&pthread_create))[argc];
#else
  (void)argc;
  return 0;
#endif
}

Determining if the function pthread_create exists in the pthreads failed with the following output:
Change Dir: /home/wxf/catkin_ws/src/slam_april_laser_odom/build/CMakeFiles/CMakeTmp

Run Build Command:/usr/bin/make "cmTryCompileExec881705658/fast"
/usr/bin/make -f CMakeFiles/cmTryCompileExec881705658.dir/build.make CMakeFiles/cmTryCompileExec881705658.dir/build
make[1]: 正在进入目录 `/home/wxf/catkin_ws/src/slam_april_laser_odom/build/CMakeFiles/CMakeTmp'
/usr/bin/cmake -E cmake_progress_report /home/wxf/catkin_ws/src/slam_april_laser_odom/build/CMakeFiles/CMakeTmp/CMakeFiles 1
Building C object CMakeFiles/cmTryCompileExec881705658.dir/CheckFunctionExists.c.o
/usr/bin/cc   -DCHECK_FUNCTION_EXISTS=pthread_create   -o CMakeFiles/cmTryCompileExec881705658.dir/CheckFunctionExists.c.o   -c /usr/share/cmake-2.8/Modules/CheckFunctionExists.c
Linking C executable cmTryCompileExec881705658
/usr/bin/cmake -E cmake_link_script CMakeFiles/cmTryCompileExec881705658.dir/link.txt --verbose=1
/usr/bin/cc   -DCHECK_FUNCTION_EXISTS=pthread_create    CMakeFiles/cmTryCompileExec881705658.dir/CheckFunctionExists.c.o  -o cmTryCompileExec881705658 -rdynamic -lpthreads 
/usr/bin/ld: 找不到 -lpthreads
collect2: error: ld returned 1 exit status
make[1]: *** [cmTryCompileExec881705658] 错误 1
make[1]:正在离开目录 `/home/wxf/catkin_ws/src/slam_april_laser_odom/build/CMakeFiles/CMakeTmp'
make: *** [cmTryCompileExec881705658/fast] 错误 2


